<?xml version="1.0" encoding="UTF-8"?>
<!-- Generated by org.testng.reporters.JUnitReportReporter -->
<testsuite hostname="Starklin" failures="0" tests="1" name="Test3" time="13.875" errors="0" timestamp="2023-04-27T15:16:21 IST" skipped="0">
  <testcase classname="Test3" name="login" time="13.875"/>
  <system-out/>
</testsuite> <!-- Test3 -->
