<?xml version="1.0" encoding="UTF-8"?>
<!-- Generated by org.testng.reporters.JUnitReportReporter -->
<testsuite hostname="Starklin" failures="0" tests="2" name="NewTest" time="57.050" errors="0" timestamp="2023-04-27T11:38:08 IST" skipped="0">
  <testcase classname="NewTest" name="tc_002" time="0.009"/>
  <system-out/>
  <testcase classname="NewTest" name="tc_001" time="57.041"/>
  <system-out/>
</testsuite> <!-- NewTest -->
